<?xml version="1.0" encoding="UTF-8"?>
<!-- Generated by org.testng.reporters.JUnitReportReporter -->
<testsuite hostname="Gayatri-PC" failures="0" tests="1" name="com.nopCommerceProject.RegisterFunctionality" time="12.136" errors="0" timestamp="2024-12-05T22:14:20 IST" skipped="0">
  <testcase classname="com.nopCommerceProject.RegisterFunctionality" name="LoginFunctionality" time="12.136"/>
</testsuite> <!-- com.nopCommerceProject.RegisterFunctionality -->
