<?xml version="1.0" encoding="UTF-8"?>
<!-- Generated by org.testng.reporters.JUnitReportReporter -->
<testsuite hostname="Gayatri-PC" failures="0" tests="1" name="com.DemoBlazeProject.TestCase" time="14.713" errors="0" timestamp="2024-12-12T16:23:14 IST" skipped="0">
  <testcase classname="com.DemoBlazeProject.TestCase" name="searchLaptops" time="14.713"/>
</testsuite> <!-- com.DemoBlazeProject.TestCase -->
