<?xml version="1.0" encoding="UTF-8"?>
<!-- Generated by org.testng.reporters.JUnitReportReporter -->
<testsuite hostname="Gayatri-PC" failures="0" tests="2" name="nopCommerceProject.RegisterFunctionality" time="21.121" errors="0" timestamp="2024-12-04T18:18:59 IST" skipped="0">
  <testcase classname="nopCommerceProject.RegisterFunctionality" name="registerFunctionality" time="11.415"/>
  <testcase classname="nopCommerceProject.RegisterFunctionality" name="LoginFunctionality" time="9.706"/>
</testsuite> <!-- nopCommerceProject.RegisterFunctionality -->
