<?xml version="1.0" encoding="UTF-8"?>
<!-- Generated by org.testng.reporters.JUnitReportReporter -->
<testsuite hostname="Gayatri-PC" failures="0" tests="6" name="com.DemoBlazeProject.DemoBlazeTestCase" time="30.179" errors="0" timestamp="2024-12-13T22:41:04 IST" skipped="0">
  <testcase classname="com.DemoBlazeProject.DemoBlazeTestCase" name="validateSignUp" time="2.258"/>
  <testcase classname="com.DemoBlazeProject.DemoBlazeTestCase" name="LogIn" time="3.902"/>
  <testcase classname="com.DemoBlazeProject.DemoBlazeTestCase" name="searchPhones" time="7.794"/>
  <testcase classname="com.DemoBlazeProject.DemoBlazeTestCase" name="searchLaptops" time="6.625"/>
  <testcase classname="com.DemoBlazeProject.DemoBlazeTestCase" name="searchMonitors" time="4.174"/>
  <testcase classname="com.DemoBlazeProject.DemoBlazeTestCase" name="doCheckout" time="5.426"/>
</testsuite> <!-- com.DemoBlazeProject.DemoBlazeTestCase -->
